info: Test
	[90mfrom ystem at 2020-08-08 01:46:03 PM[39m
info: ✨ Sever is running at 8001 ✨
	[90mfrom ystem at 2020-08-08 01:46:12 PM[39m
info: ✨ Sever is running at 8001 ✨
	[90mfrom ystem at 2020-08-08 01:47:24 PM[39m
emerg: ✨ Sever is running at 8001 ✨
	[90mfrom ystem at 2020-08-08 01:47:33 PM[39m
info: ✨ Sever is running at 8001 ✨
	[90mfrom ystem at 2020-08-08 01:47:37 PM[39m
info: ✨ Sever is running at 8001 ✨
	[35mfrom ystem at 2020-08-08 01:48:51 PM[39m
info: ✨ Sever is running at 8001 ✨
	[35mfrom ystem at 2020-08-08 01:49:32 PM[39m
info: ✨ Sever is running at 8001 ✨
	[35mfrom ystem at 2020-08-08 01:49:56 PM[39m
info: ✨ Sever is running at 8001 ✨
	[35m[35mfrom ystem at 2020-08-08 01:51:06 PM[35m[39m
info: ✨ Sever is running at 8001 ✨
	[35mfrom ystem at 2020-08-08 01:51:13 PM[39m
info: ✨ Sever is running at 8001 ✨
	[90mfrom ystem at 2020-08-08 01:51:18 PM[39m
info: ✨ Sever is running at 8001 ✨
	[35mfrom ystem at 2020-08-08 01:51:22 PM[39m
info: ✨ Sever is running at 8001 ✨
	[35mfrom ystem at 2020-08-08 01:51:39 PM[39m
emerg: ✨ Sever is running at 8001 ✨
	[35mfrom ystem at 2020-08-08 01:52:08 PM[39m
info: ✨ Sever is running at 8001 ✨
	[35mfrom ystem at 2020-08-08 01:52:12 PM[39m
info: ✨ Sever is running at 8001 ✨
	[35mfrom ystem at 2020-08-08 01:52:58 PM[39m
info: [36m✨[39m Sever is running at 8001 ✨
	[35mfrom ystem at 2020-08-08 01:53:37 PM[39m
info: [36m✨[39m Sever is running at 8001 [36m✨[39m
	[35mfrom ystem at 2020-08-08 01:54:01 PM[39m
info: [36m✨[39m Sever is running at 8001 [36m✨[39m
	[35mfrom ystem at 2020-08-08 01:54:47 PM[39m
info: [30m[36m✨[30m Sever is running at 8001 [36m✨[30m[39m
	[35mfrom ystem at 2020-08-08 01:55:35 PM[39m
info: [33m[36m✨[33m Sever is running at 8001 [36m✨[33m[39m
	[35mfrom ystem at 2020-08-08 01:55:47 PM[39m
info: [30m[36m✨[30m Sever is running at 8001 [36m✨[30m[39m
	[35mfrom ystem at 2020-08-08 01:55:51 PM[39m
info: [30m[36m✨[30m Sever is running at 8001 [36m✨[30m[39m
	[35mfrom ystem at 2020-08-08 01:56:31 PM[39m
Info: [30m[36m✨[30m Sever is running at 8001 [36m✨[30m[39m
	[35mfrom ystem at 2020-08-08 01:58:48 PM[39m
Info: [30m[36m✨[30m Sever is running at 8001 [36m✨[30m[39m
	[35mfrom ystem at 2020-08-08 01:59:31 PM[39m
Info: [30m[36m✨[30m Sever is running at 8001 [36m✨[30m[39m
	[35mfrom ystem at 2020-08-08 01:59:41 PM[39m
Info: [30m[36m✨[30m Sever is running at 8001 [36m✨[30m[39m
	[35mfrom ystem at 2020-08-08 02:00:08 PM[39m
Info: [30m[36m✨[30m Sever is running at 8001 [36m✨[30m[39m
	[35mfrom ystem at 2020-08-08 02:00:51 PM[39m
Info: [30m[36m✨[30m Sever is running at 8001 [36m✨[30m[39m
	[35mfrom ystem at 2020-08-08 02:01:00 PM[39m
Info: [30m[36m✨[30m Sever is running at 8001 [36m✨[30m[39m
	[35mfrom ystem at 2020-08-08 02:06:41 PM[39m
Info: [30m[36m✨[30m Sever is running at 8001 [36m✨[30m[39m
	[35mfrom ystem at 2020-08-08 02:08:43 PM[39m
Info: [30m[36m✨[30m Sever is running at 8001 [36m✨[30m[39m
	[35mfrom ystem at 2020-08-08 02:08:55 PM[39m
Info: [30m[36m✨[30m Sever is running at 8001 [36m✨[30m[39m
	[35mfrom ystem at 2020-08-08 02:08:58 PM[39m
Info: [30m[36m✨[30m Sever is running at 8001 [36m✨[30m[39m
	[35mfrom ystem at 2020-08-08 02:10:22 PM[39m
Info: [30m[36m✨[30m Sever is running at 8001 [36m✨[30m[39m
	[35mfrom ystem at 2020-08-08 02:10:36 PM[39m
Info: [30m[36m✨[30m Sever is running at 8001 [36m✨[30m[39m
	[35mfrom ystem at 2020-08-08 02:10:54 PM[39m
Info: [30m[36m✨[30m Sever is running at 8001 [36m✨[30m[39m
	[35mfrom ystem at 2020-08-08 02:11:14 PM[39m
Info: [30m[36m✨[30m Sever is running at 8001 [36m✨[30m[39m
	[35mfrom ystem at 2020-08-08 02:11:17 PM[39m
Info: [30m[36m✨[30m Sever is running at 8001 [36m✨[30m[39m
	[35mfrom ystem at 2020-08-08 02:11:52 PM[39m
Info: [30m[36m✨[30m Sever is running at 8001 [36m✨[30m[39m
	[35mfrom ystem at 2020-08-08 02:12:00 PM[39m
Info: [30m[36m✨[30m Sever is running at 8001 [36m✨[30m[39m
	[35mfrom ystem at 2020-08-08 02:12:37 PM[39m
Info: [30m[36m✨[30m Sever is running at 8001 [36m✨[30m[39m
	[35mfrom ystem at 2020-08-08 02:12:46 PM[39m
Info: [30m[36m✨[30m Sever is running at 8001 [36m✨[30m[39m
	[35mfrom ystem at 2020-08-08 02:14:00 PM[39m
Info: [30m[36m✨[30m Sever is running at 8001 [36m✨[30m[39m
	[35mfrom ystem at 2020-08-08 02:14:41 PM[39m
Info: [30m[36m✨[30m Sever is running at 8001 [36m✨[30m[39m
	[35mfrom ystem at 2020-08-08 02:15:01 PM[39m
Info: [30m[36m✨[30m Sever is running at 8001 [36m✨[30m[39m
	[35mfrom ystem at 2020-08-08 02:21:09 PM[39m
Info: [30m[36m✨[30m Sever is running at 8001 [36m✨[30m[39m
	[35mfrom ystem at 2020-08-08 02:21:21 PM[39m
Info: [30m[36m✨[30m Sever is running at 8001 [36m✨[30m[39m
	[35mfrom ystem at 2020-08-08 02:21:27 PM[39m
Info: [30m[36m✨[30m Sever is running at 8001 [36m✨[30m[39m
	[35mfrom ystem at 2020-08-09 09:26:48 PM[39m
Info: [30m[36m✨[30m Sever is running at 8001 [36m✨[30m[39m
	[35mfrom ystem at 2020-08-09 09:27:02 PM[39m
Info: [30m[36m✨[30m Sever is running at 8001 [36m✨[30m[39m
	[35mfrom ystem at 2020-08-09 09:29:24 PM[39m
Info: [30m[36m✨[30m Sever is running at 8001 [36m✨[30m[39m
	[35mfrom ystem at 2020-08-09 09:29:48 PM[39m
Info: [30m[36m✨[30m Sever is running at 8001 [36m✨[30m[39m
	[35mfrom ystem at 2020-08-09 09:29:50 PM[39m
Info: [30m[36m✨[30m Sever is running at 8001 [36m✨[30m[39m
	[35mfrom ystem at 2020-08-09 09:30:29 PM[39m
Info: [30m[36m✨[30m Sever is running at 8001 [36m✨[30m[39m
	[35mfrom ystem at 2020-08-09 09:30:32 PM[39m
Info: [30m[36m✨[30m Sever is running at 8001 [36m✨[30m[39m
	[35mfrom ystem at 2020-08-09 09:30:43 PM[39m
Info: [30m[36m✨[30m Sever is running at 8001 [36m✨[30m[39m
	[35mfrom ystem at 2020-08-09 09:30:56 PM[39m
Info: [30m[36m✨[30m Sever is running at 8001 [36m✨[30m[39m
	[35mfrom ystem at 2020-08-09 09:33:03 PM[39m
Info: [30m[36m✨[30m Sever is running at 8001 [36m✨[30m[39m
	[35mfrom ystem at 2020-08-09 09:33:13 PM[39m
Info: [30m[36m✨[30m Sever is running at 8001 [36m✨[30m[39m
	[35mfrom ystem at 2020-08-09 09:33:18 PM[39m
Info: [30m[36m✨[30m Sever is running at undefined 8001 [36m✨[30m[39m
	[35mfrom ystem at 2020-08-09 09:34:27 PM[39m
Info: [30m[36m✨[30m Sever is running at undefined 8001 [36m✨[30m[39m
	[35mfrom ystem at 2020-08-09 09:34:35 PM[39m
Info: [30m[36m✨[30m Sever is running at function(req, res, next) {[39m
[30m    app.handle(req, res, next);[39m
[30m  } 8001  ...[39m
	[35mfrom ystem at 2020-08-09 09:36:32 PM[39m
Info: [30m[36m✨[30m Sever is running at 8001 [36m✨[30m[39m
	[35mfrom ystem at 2020-08-09 09:36:48 PM[39m
Info: [30m[36m✨[30m Sever is running at 8001 [36m✨[30m[39m
	[35mfrom ystem at 2020-08-09 09:38:01 PM[39m
Info: [30m[36m✨[30m Sever is running at 8001 [36m✨[30m[39m
	[35mfrom ystem at 2020-08-09 09:38:06 PM[39m
Info: [30m[36m✨[30m Sever is running at 8001 [36m✨[30m[39m
	[35mfrom ystem at 2020-08-09 09:38:23 PM[39m
Info: [30m[36m✨[30m Sever is running at 8001 [36m✨[30m[39m
	[35mfrom ystem at 2020-08-09 09:38:34 PM[39m
Info: [30m[36m✨[30m Sever is running at 8001 [36m✨[30m[39m
	[35mfrom ystem at 2020-08-09 09:39:26 PM[39m
Info: [30m[36m✨[30m Sever is running at 8001 [36m✨[30m[39m
	[35mfrom ystem at 2020-08-09 09:39:36 PM[39m
Info: [30m[36m✨[30m Sever is running at 8001 [36m✨[30m[39m
	[35mfrom ystem at 2020-08-09 09:41:01 PM[39m
Info: [30m[36m✨[30m Sever is running at 8001 [36m✨[30m[39m
	[35mfrom ystem at 2020-08-09 09:41:10 PM[39m
Info: [30m[36m✨[30m Sever is running at 8001 [36m✨[30m[39m
	[35mfrom ystem at 2020-08-30 11:58:53 AM[39m
Info: [30m[36m✨[30m Sever is running at 8001 [36m✨[30m[39m
	[35mfrom ystem at 2020-08-30 12:01:01 PM[39m
Info: [30m[36m✨[30m Sever is running at 8001 [36m✨[30m[39m
	[35mfrom ystem at 2020-08-30 02:19:10 PM[39m
Info: [30m[36m✨[30m Sever is running at 8001 [36m✨[30m[39m
	[35mfrom ystem at 2020-08-30 02:21:58 PM[39m
Info: [30m[36m✨[30m Sever is running at 8001 [36m✨[30m[39m
	[35mfrom ystem at 2020-08-30 02:22:40 PM[39m
Info: [30m[36m✨[30m Sever is running at 8001 [36m✨[30m[39m
	[35mfrom ystem at 2020-08-30 02:25:14 PM[39m
Info: [30m[36m✨[30m Sever is running at 8001 [36m✨[30m[39m
	[35mfrom ystem at 2020-08-30 02:25:33 PM[39m
Info: [30m[36m✨[30m Sever is running at 8001 [36m✨[30m[39m
	[35mfrom ystem at 2020-08-30 02:29:09 PM[39m
Info: [30m[36m✨[30m Sever is running at 8001 [36m✨[30m[39m
	[35mfrom ystem at 2020-08-30 02:34:09 PM[39m
Info: [30m[36m✨[30m Sever is running at 8001 [36m✨[30m[39m
	[35mfrom ystem at 2020-08-30 02:35:16 PM[39m
Info: [30m[36m✨[30m Sever is running at 8001 [36m✨[30m[39m
	[35mfrom ystem at 2020-08-30 02:35:27 PM[39m
Info: [30m[36m✨[30m Sever is running at 8001 [36m✨[30m[39m
	[35mfrom ystem at 2020-08-30 02:35:37 PM[39m
Info: [30m[36m✨[30m Sever is running at 8001 [36m✨[30m[39m
	[35mfrom ystem at 2020-08-30 02:36:08 PM[39m
Info: [30m[36m✨[30m Sever is running at 8001 [36m✨[30m[39m
	[35mfrom ystem at 2020-08-30 02:36:12 PM[39m
Info: [30m[36m✨[30m Sever is running at 8001 [36m✨[30m[39m
	[35mfrom ystem at 2020-08-30 02:36:19 PM[39m
Info: [30m[36m✨[30m Sever is running at 8001 [36m✨[30m[39m
	[35mfrom ystem at 2020-08-30 02:36:27 PM[39m
Info: [30m[36m✨[30m Sever is running at 8001 [36m✨[30m[39m
	[35mfrom ystem at 2020-08-30 02:36:34 PM[39m
Info: [30m[36m✨[30m Sever is running at 8001 [36m✨[30m[39m
	[35mfrom ystem at 2020-08-30 02:36:40 PM[39m
Info: [30m[36m✨[30m Sever is running at 8001 [36m✨[30m[39m
	[35mfrom ystem at 2020-08-30 02:39:56 PM[39m
Info: [30m[36m✨[30m Sever is running at 8001 [36m✨[30m[39m
	[35mfrom ystem at 2020-08-30 02:41:57 PM[39m
Info: [30m[36m✨[30m Sever is running at 8001 [36m✨[30m[39m
	[35mfrom ystem at 2020-08-30 02:42:34 PM[39m
Info: [30m[36m✨[30m Sever is running at 8001 [36m✨[30m[39m
	[35mfrom ystem at 2020-08-30 02:42:45 PM[39m
Info: [30m[36m✨[30m Sever is running at 8001 [36m✨[30m[39m
	[35mfrom ystem at 2020-08-30 02:42:53 PM[39m
Info: [30m[36m✨[30m Sever is running at 8001 [36m✨[30m[39m
	[35mfrom ystem at 2020-08-30 02:43:04 PM[39m
Info: [30m[36m✨[30m Sever is running at 8001 [36m✨[30m[39m
	[35mfrom ystem at 2020-08-30 02:43:11 PM[39m
Info: [30m[36m✨[30m Sever is running at 8001 [36m✨[30m[39m
	[35mfrom ystem at 2020-08-30 02:43:16 PM[39m
Info: [30m[36m✨[30m Sever is running at 8001 [36m✨[30m[39m
	[35mfrom ystem at 2020-08-30 02:43:22 PM[39m
Info: [30m[36m✨[30m Sever is running at 8001 [36m✨[30m[39m
	[35mfrom ystem at 2020-08-30 02:44:07 PM[39m
Info: [30m[36m✨[30m Sever is running at 8001 [36m✨[30m[39m
	[35mfrom ystem at 2020-08-30 02:44:13 PM[39m
Info: [30m[36m✨[30m Sever is running at 8001 [36m✨[30m[39m
	[35mfrom ystem at 2020-08-30 02:48:22 PM[39m
Info: [30m[36m✨[30m Sever is running at 8001 [36m✨[30m[39m
	[35mfrom ystem at 2020-08-30 02:49:00 PM[39m
Info: [30m[36m✨[30m Sever is running at 8001 [36m✨[30m[39m
	[35mfrom ystem at 2020-08-30 02:54:52 PM[39m
Info: [30m[36m✨[30m Sever is running at 8001 [36m✨[30m[39m
	[35mfrom ystem at 2020-08-30 02:55:45 PM[39m
Info: [30m[36m✨[30m Sever is running at 8001 [36m✨[30m[39m
	[35mfrom ystem at 2020-08-30 02:55:56 PM[39m
Info: [30m[36m✨[30m Sever is running at 8001 [36m✨[30m[39m
	[35mfrom ystem at 2020-08-30 02:56:13 PM[39m
Info: [30m[36m✨[30m Sever is running at 8001 [36m✨[30m[39m
	[35mfrom ystem at 2020-08-30 02:56:30 PM[39m
Info: [30m[36m✨[30m Sever is running at 8001 [36m✨[30m[39m
	[35mfrom ystem at 2020-08-30 02:57:07 PM[39m
Info: [30m[36m✨[30m Sever is running at 8001 [36m✨[30m[39m
	[35mfrom ystem at 2020-08-30 02:57:16 PM[39m
Info: [30m[36m✨[30m Sever is running at 8001 [36m✨[30m[39m
	[35mfrom ystem at 2020-08-30 02:58:09 PM[39m
Info: [30m[36m✨[30m Sever is running at 8001 [36m✨[30m[39m
	[35mfrom ystem at 2020-08-30 02:58:44 PM[39m
Info: [30m[36m✨[30m Sever is running at 8001 [36m✨[30m[39m
	[35mfrom ystem at 2020-08-30 02:59:12 PM[39m
Info: [30m[36m✨[30m Sever is running at 8001 [36m✨[30m[39m
	[35mfrom ystem at 2020-08-30 03:00:04 PM[39m
Info: [30m[36m✨[30m Sever is running at 8001 [36m✨[30m[39m
	[35mfrom ystem at 2020-08-30 03:00:17 PM[39m
Info: [30m[36m✨[30m Sever is running at 8001 [36m✨[30m[39m
	[35mfrom ystem at 2020-08-30 03:00:21 PM[39m
Info: [30m[36m✨[30m Sever is running at 8001 [36m✨[30m[39m
	[35mfrom ystem at 2020-08-30 03:01:08 PM[39m
Info: [30m[36m✨[30m Sever is running at 8001 [36m✨[30m[39m
	[35mfrom ystem at 2020-08-30 03:02:09 PM[39m
Info: [30m[36m✨[30m Sever is running at 8001 [36m✨[30m[39m
	[35mfrom ystem at 2020-08-30 03:02:15 PM[39m
Info: [30m[36m✨[30m Sever is running at 8001 [36m✨[30m[39m
	[35mfrom ystem at 2020-08-30 03:02:23 PM[39m
Info: [30m[36m✨[30m Sever is running at 8001 [36m✨[30m[39m
	[35mfrom ystem at 2020-08-30 03:02:38 PM[39m
Info: [30m[36m✨[30m Sever is running at 8001 [36m✨[30m[39m
	[35mfrom ystem at 2020-08-30 03:03:11 PM[39m
Info: [30m[36m✨[30m Sever is running at 8001 [36m✨[30m[39m
	[35mfrom ystem at 2020-08-30 03:03:36 PM[39m
Info: [30m[36m✨[30m Sever is running at 8001 [36m✨[30m[39m
	[35mfrom ystem at 2020-08-30 03:03:47 PM[39m
Info: [30m[36m✨[30m Sever is running at 8001 [36m✨[30m[39m
	[35mfrom ystem at 2020-08-30 03:06:30 PM[39m
Info: [30mEmail is admin[39m
	[35mfrom src\utils\localPassport.ts at 2020-08-30 03:06:48 PM[39m
Info: [30mPassword is adminpass01@[39m
	[35mfrom src\utils\localPassport.ts at 2020-08-30 03:06:48 PM[39m
Info: [30m[36m✨[30m Sever is running at 8001 [36m✨[30m[39m
	[35mfrom ystem at 2020-08-30 03:07:23 PM[39m
Info: [30m[36m✨[30m Sever is running at 8001 [36m✨[30m[39m
	[35mfrom ystem at 2020-08-30 03:07:31 PM[39m
Info: [30m[36m✨[30m Sever is running at 8001 [36m✨[30m[39m
	[35mfrom ystem at 2020-08-30 03:07:37 PM[39m
Info: [30m[36m✨[30m Sever is running at 8001 [36m✨[30m[39m
	[35mfrom ystem at 2020-08-30 03:07:42 PM[39m
Info: [30m[36m✨[30m Sever is running at 8001 [36m✨[30m[39m
	[35mfrom ystem at 2020-08-30 03:07:52 PM[39m
Info: [30m[36m✨[30m Sever is running at 8001 [36m✨[30m[39m
	[35mfrom ystem at 2020-08-30 03:08:07 PM[39m
Info: [30m[36m✨[30m Sever is running at 8001 [36m✨[30m[39m
	[35mfrom ystem at 2020-08-30 03:08:18 PM[39m
Info: [30m[36m✨[30m Sever is running at 8001 [36m✨[30m[39m
	[35mfrom ystem at 2020-08-30 03:08:25 PM[39m
Info: [30mEmail is admin[39m
	[35mfrom src\utils\localPassport.ts at 2020-08-30 03:08:33 PM[39m
Info: [30mPassword is adminpass01@[39m
	[35mfrom src\utils\localPassport.ts at 2020-08-30 03:08:33 PM[39m
Info: [30m[36m✨[30m Sever is running at 8001 [36m✨[30m[39m
	[35mfrom ystem at 2020-08-30 03:08:37 PM[39m
Info: [30mEmail is admin[39m
	[35mfrom src\utils\localPassport.ts at 2020-08-30 03:08:38 PM[39m
Info: [30mPassword is adminpass01@[39m
	[35mfrom src\utils\localPassport.ts at 2020-08-30 03:08:38 PM[39m
Info: [30mEmail is admin[39m
	[35mfrom src\utils\localPassport.ts at 2020-08-30 03:11:31 PM[39m
Info: [30mPassword is adminpass01@[39m
	[35mfrom src\utils\localPassport.ts at 2020-08-30 03:11:31 PM[39m
Info: [30mEmail is admin[39m
	[35mfrom src\utils\localPassport.ts at 2020-08-30 03:11:32 PM[39m
Info: [30mPassword is adminpass01@[39m
	[35mfrom src\utils\localPassport.ts at 2020-08-30 03:11:32 PM[39m
Info: [30mEmail is admin[39m
	[35mfrom src\utils\localPassport.ts at 2020-08-30 03:11:32 PM[39m
Info: [30mPassword is adminpass01@[39m
	[35mfrom src\utils\localPassport.ts at 2020-08-30 03:11:32 PM[39m
Info: [30mEmail is admin[39m
	[35mfrom src\utils\localPassport.ts at 2020-08-30 03:11:33 PM[39m
Info: [30mPassword is adminpass01@[39m
	[35mfrom src\utils\localPassport.ts at 2020-08-30 03:11:33 PM[39m
Info: [30mEmail is admin[39m
	[35mfrom src\utils\localPassport.ts at 2020-08-30 03:11:39 PM[39m
Info: [30mPassword is adminpass01@[39m
	[35mfrom src\utils\localPassport.ts at 2020-08-30 03:11:39 PM[39m
Info: [30m[36m✨[30m Sever is running at 8001 [36m✨[30m[39m
	[35mfrom ystem at 2020-08-30 03:12:14 PM[39m
Info: [30mEmail is admin[39m
	[35mfrom src\utils\localPassport.ts at 2020-08-30 03:12:16 PM[39m
Info: [30mPassword is adminpass01@[39m
	[35mfrom src\utils\localPassport.ts at 2020-08-30 03:12:16 PM[39m
Info: [30m[36m✨[30m Sever is running at 8001 [36m✨[30m[39m
	[35mfrom ystem at 2020-08-30 03:16:38 PM[39m
Info: [30mEmail is admin[39m
	[35mfrom src\utils\localPassport.ts at 2020-08-30 03:16:40 PM[39m
Info: [30mPassword is adminpass01@[39m
	[35mfrom src\utils\localPassport.ts at 2020-08-30 03:16:40 PM[39m
Info: [30m[36m✨[30m Sever is running at 8001 [36m✨[30m[39m
	[35mfrom ystem at 2020-08-30 03:17:12 PM[39m
Info: [30mEmail is admin[39m
	[35mfrom src\utils\localPassport.ts at 2020-08-30 03:17:14 PM[39m
Info: [30mPassword is adminpass01@[39m
	[35mfrom src\utils\localPassport.ts at 2020-08-30 03:17:14 PM[39m
Info: [30m[36m✨[30m Sever is running at 8001 [36m✨[30m[39m
	[35mfrom ystem at 2020-08-30 03:17:53 PM[39m
Info: [30m[36m✨[30m Sever is running at 8001 [36m✨[30m[39m
	[35mfrom ystem at 2020-08-30 03:18:17 PM[39m
Info: [30m[36m✨[30m Sever is running at 8001 [36m✨[30m[39m
	[35mfrom ystem at 2020-08-30 03:18:22 PM[39m
Info: [30m[36m✨[30m Sever is running at 8001 [36m✨[30m[39m
	[35mfrom ystem at 2020-08-30 03:18:35 PM[39m
Info: [30m[36m✨[30m Sever is running at 8001 [36m✨[30m[39m
	[35mfrom ystem at 2020-08-30 03:18:56 PM[39m
Info: [30m[36m✨[30m Sever is running at 8001 [36m✨[30m[39m
	[35mfrom ystem at 2020-08-30 06:18:24 PM[39m
Info: [30m[36m✨[30m Sever is running at 8001 [36m✨[30m[39m
	[35mfrom ystem at 2020-08-30 06:18:29 PM[39m
Info: [30m[36m✨[30m Sever is running at 8001 [36m✨[30m[39m
	[35mfrom ystem at 2020-08-30 06:23:20 PM[39m
Info: [30m[36m✨[30m Sever is running at 8001 [36m✨[30m[39m
	[35mfrom ystem at 2020-08-30 06:55:26 PM[39m
Info: [30m[36m✨[30m Sever is running at 8001 [36m✨[30m[39m
	[35mfrom ystem at 2020-08-30 06:58:15 PM[39m
Info: [30m[36m✨[30m Sever is running at 8001 [36m✨[30m[39m
	[35mfrom ystem at 2020-08-30 07:00:02 PM[39m
Info: [30m[36m✨[30m Sever is running at 8001 [36m✨[30m[39m
	[35mfrom ystem at 2020-08-30 07:01:42 PM[39m
Info: [30m[36m✨[30m Sever is running at 8001 [36m✨[30m[39m
	[35mfrom ystem at 2020-08-30 07:01:48 PM[39m
Info: [30m[36m✨[30m Sever is running at 8001 [36m✨[30m[39m
	[35mfrom ystem at 2020-08-30 07:02:18 PM[39m
Info: [30m[36m✨[30m Sever is running at 8001 [36m✨[30m[39m
	[35mfrom ystem at 2020-08-30 07:07:55 PM[39m
Info: [30m[36m✨[30m Sever is running at 8001 [36m✨[30m[39m
	[35mfrom ystem at 2020-08-30 07:16:13 PM[39m
Info: [30m[36m✨[30m Sever is running at 8001 [36m✨[30m[39m
	[35mfrom ystem at 2020-08-30 07:17:02 PM[39m
Info: [30m[36m✨[30m Sever is running at 8001 [36m✨[30m[39m
	[35mfrom ystem at 2020-08-30 07:17:08 PM[39m
Info: [30m[36m✨[30m Sever is running at 8001 [36m✨[30m[39m
	[35mfrom ystem at 2020-08-30 08:46:04 PM[39m
Info: [30m[36m✨[30m Sever is running at 8001 [36m✨[30m[39m
	[35mfrom ystem at 2020-08-30 08:46:08 PM[39m
Info: [30m[36m✨[30m Sever is running at 8001 [36m✨[30m[39m
	[35mfrom ystem at 2020-08-30 08:46:20 PM[39m
Info: [30m[36m✨[30m Sever is running at 8001 [36m✨[30m[39m
	[35mfrom ystem at 2020-08-30 08:47:45 PM[39m
Info: [30m[36m✨[30m Sever is running at 8001 [36m✨[30m[39m
	[35mfrom ystem at 2020-08-30 08:47:48 PM[39m
Info: [30m[36m✨[30m Sever is running at 8001 [36m✨[30m[39m
	[35mfrom ystem at 2020-08-30 08:48:34 PM[39m
Info: [30m[36m✨[30m Sever is running at 8001 [36m✨[30m[39m
	[35mfrom ystem at 2020-08-30 08:49:21 PM[39m
Info: [30m[36m✨[30m Sever is running at 8001 [36m✨[30m[39m
	[35mfrom ystem at 2020-08-30 08:49:35 PM[39m
Info: [30m[36m✨[30m Sever is running at 8001 [36m✨[30m[39m
	[35mfrom ystem at 2020-08-30 08:50:02 PM[39m
Info: [30m[36m✨[30m Sever is running at 8001 [36m✨[30m[39m
	[35mfrom ystem at 2020-08-30 08:50:04 PM[39m
Info: [30m[36m✨[30m Sever is running at 8001 [36m✨[30m[39m
	[35mfrom ystem at 2020-08-30 08:50:13 PM[39m
Info: [30m[36m✨[30m Sever is running at 8001 [36m✨[30m[39m
	[35mfrom ystem at 2020-08-30 08:50:56 PM[39m
Info: [30m[36m✨[30m Sever is running at 8001 [36m✨[30m[39m
	[35mfrom ystem at 2020-08-30 09:04:17 PM[39m
Info: [30m[36m✨[30m Sever is running at 8001 [36m✨[30m[39m
	[35mfrom ystem at 2020-08-30 09:04:28 PM[39m
Info: [30m[36m✨[30m Sever is running at 8001 [36m✨[30m[39m
	[35mfrom ystem at 2020-08-30 09:04:45 PM[39m
Info: [30m[36m✨[30m Sever is running at 8001 [36m✨[30m[39m
	[35mfrom ystem at 2020-08-30 09:06:01 PM[39m
Info: [30m[36m✨[30m Sever is running at 8001 [36m✨[30m[39m
	[35mfrom ystem at 2020-08-30 09:07:51 PM[39m
Info: [30m[36m✨[30m Sever is running at 8001 [36m✨[30m[39m
	[35mfrom ystem at 2020-08-30 09:08:16 PM[39m
Info: [30m[36m✨[30m Sever is running at 8001 [36m✨[30m[39m
	[35mfrom ystem at 2020-08-30 09:08:52 PM[39m
Info: [30m[36m✨[30m Sever is running at 8001 [36m✨[30m[39m
	[35mfrom ystem at 2020-08-30 09:10:00 PM[39m
Info: [30m[36m✨[30m Sever is running at 8001 [36m✨[30m[39m
	[35mfrom ystem at 2020-08-30 09:10:03 PM[39m
Info: [30m[36m✨[30m Sever is running at 8001 [36m✨[30m[39m
	[35mfrom ystem at 2020-08-30 09:10:11 PM[39m
Info: [30m[36m✨[30m Sever is running at 8001 [36m✨[30m[39m
	[35mfrom ystem at 2020-08-30 09:10:14 PM[39m
Info: [30m[36m✨[30m Sever is running at 8001 [36m✨[30m[39m
	[35mfrom ystem at 2020-08-30 09:11:12 PM[39m
Info: [30m[36m✨[30m Sever is running at 8001 [36m✨[30m[39m
	[35mfrom ystem at 2020-08-30 09:11:15 PM[39m
Info: [30m[36m✨[30m Sever is running at 8001 [36m✨[30m[39m
	[35mfrom ystem at 2020-08-30 09:11:18 PM[39m
Info: [30m[36m✨[30m Sever is running at 8001 [36m✨[30m[39m
	[35mfrom ystem at 2020-08-30 09:16:43 PM[39m
Info: [30m[36m✨[30m Sever is running at 8001 [36m✨[30m[39m
	[35mfrom ystem at 2020-08-30 09:16:57 PM[39m
Info: [30m[36m✨[30m Sever is running at 8001 [36m✨[30m[39m
	[35mfrom ystem at 2020-08-30 09:18:09 PM[39m
Info: [30m[36m✨[30m Sever is running at 8001 [36m✨[30m[39m
	[35mfrom ystem at 2020-08-30 09:18:23 PM[39m
Info: [30m[36m✨[30m Sever is running at 8001 [36m✨[30m[39m
	[35mfrom ystem at 2020-08-30 09:21:08 PM[39m
Info: [30m[36m✨[30m Sever is running at 8001 [36m✨[30m[39m
	[35mfrom ystem at 2020-08-30 09:21:58 PM[39m
Info: [30m[36m✨[30m Sever is running at 8001 [36m✨[30m[39m
	[35mfrom ystem at 2020-08-30 09:22:26 PM[39m
Info: [30m[36m✨[30m Sever is running at 8001 [36m✨[30m[39m
	[35mfrom ystem at 2020-08-30 09:23:10 PM[39m
Info: [30m[36m✨[30m Sever is running at 8001 [36m✨[30m[39m
	[35mfrom ystem at 2020-08-30 09:23:27 PM[39m
Info: [30m[36m✨[30m Sever is running at 8001 [36m✨[30m[39m
	[35mfrom ystem at 2020-08-30 09:31:25 PM[39m
Info: [30m[36m✨[30m Sever is running at 8001 [36m✨[30m[39m
	[35mfrom ystem at 2020-08-30 09:31:29 PM[39m
Info: [30m[36m✨[30m Sever is running at 8001 [36m✨[30m[39m
	[35mfrom ystem at 2020-08-30 09:31:31 PM[39m
Info: [30m[36m✨[30m Sever is running at 8001 [36m✨[30m[39m
	[35mfrom ystem at 2020-08-31 09:02:33 PM[39m
Info: [30m[36m✨[30m Sever is running at 8001 [36m✨[30m[39m
	[35mfrom ystem at 2020-08-31 09:03:00 PM[39m
Info: [30m[36m✨[30m Sever is running at 8001 [36m✨[30m[39m
	[35mfrom ystem at 2020-08-31 09:03:47 PM[39m
Info: [30m[36m✨[30m Sever is running at 8001 [36m✨[30m[39m
	[35mfrom ystem at 2020-08-31 09:03:49 PM[39m
Info: [30m[36m✨[30m Sever is running at 8001 [36m✨[30m[39m
	[35mfrom ystem at 2020-08-31 09:03:59 PM[39m
Info: [30m[36m✨[30m Sever is running at 8001 [36m✨[30m[39m
	[35mfrom ystem at 2020-08-31 09:05:35 PM[39m
Info: [30m[36m✨[30m Sever is running at 8001 [36m✨[30m[39m
	[35mfrom ystem at 2020-08-31 09:05:50 PM[39m
Info: [30m[36m✨[30m Sever is running at 8001 [36m✨[30m[39m
	[35mfrom ystem at 2020-08-31 09:06:04 PM[39m
Info: [30m[36m✨[30m Sever is running at 8001 [36m✨[30m[39m
	[35mfrom ystem at 2020-08-31 09:20:11 PM[39m
Info: [30m[36m✨[30m Sever is running at 8001 [36m✨[30m[39m
	[35mfrom ystem at 2020-08-31 09:20:32 PM[39m
Info: [30m[36m✨[30m Sever is running at 8001 [36m✨[30m[39m
	[35mfrom ystem at 2020-08-31 09:20:46 PM[39m
Info: [30m[36m✨[30m Sever is running at 8001 [36m✨[30m[39m
	[35mfrom ystem at 2020-08-31 09:20:53 PM[39m
Info: [30m[36m✨[30m Sever is running at 8001 [36m✨[30m[39m
	[35mfrom ystem at 2020-08-31 09:22:32 PM[39m
Info: [30m[36m✨[30m Sever is running at 8001 [36m✨[30m[39m
	[35mfrom ystem at 2020-08-31 09:22:42 PM[39m
Info: [30m[36m✨[30m Sever is running at 8001 [36m✨[30m[39m
	[35mfrom ystem at 2020-08-31 09:23:49 PM[39m
Info: [30m[36m✨[30m Sever is running at 8001 [36m✨[30m[39m
	[35mfrom ystem at 2020-08-31 09:24:16 PM[39m
Info: [30m[36m✨[30m Sever is running at 8001 [36m✨[30m[39m
	[35mfrom ystem at 2020-08-31 09:29:57 PM[39m
Info: [30m[36m✨[30m Sever is running at 8001 [36m✨[30m[39m
	[35mfrom ystem at 2020-08-31 09:30:08 PM[39m
Info: [30m[36m✨[30m Sever is running at 8001 [36m✨[30m[39m
	[35mfrom ystem at 2020-08-31 09:30:18 PM[39m
Info: [30m[36m✨[30m Sever is running at 8001 [36m✨[30m[39m
	[35mfrom ystem at 2020-08-31 09:31:15 PM[39m
Info: [30m[36m✨[30m Sever is running at 8001 [36m✨[30m[39m
	[35mfrom ystem at 2020-08-31 09:31:21 PM[39m
Info: [30m[36m✨[30m Sever is running at 8001 [36m✨[30m[39m
	[35mfrom ystem at 2020-08-31 09:31:56 PM[39m
Info: [30m[36m✨[30m Sever is running at 8001 [36m✨[30m[39m
	[35mfrom ystem at 2020-08-31 09:38:49 PM[39m
Info: [30m[36m✨[30m Sever is running at 8001 [36m✨[30m[39m
	[35mfrom ystem at 2020-08-31 09:39:13 PM[39m
Info: [30m[36m✨[30m Sever is running at 8001 [36m✨[30m[39m
	[35mfrom ystem at 2020-08-31 09:46:16 PM[39m
Info: [30m[36m✨[30m Sever is running at 8001 [36m✨[30m[39m
	[35mfrom ystem at 2020-08-31 09:48:42 PM[39m
Info: [30m[36m✨[30m Sever is running at 8001 [36m✨[30m[39m
	[35mfrom ystem at 2020-08-31 09:50:22 PM[39m
Info: [30m[36m✨[30m Sever is running at 8001 [36m✨[30m[39m
	[35mfrom ystem at 2020-08-31 09:50:35 PM[39m
Info: [30m[36m✨[30m Sever is running at 8001 [36m✨[30m[39m
	[35mfrom ystem at 2020-08-31 09:52:01 PM[39m
Info: [30m[36m✨[30m Sever is running at 8001 [36m✨[30m[39m
	[35mfrom ystem at 2020-08-31 09:52:20 PM[39m
Info: [30m[36m✨[30m Sever is running at 8001 [36m✨[30m[39m
	[35mfrom ystem at 2020-08-31 09:52:55 PM[39m
Info: [30m[36m✨[30m Sever is running at 8001 [36m✨[30m[39m
	[35mfrom ystem at 2020-08-31 09:53:24 PM[39m
Info: [30m[36m✨[30m Sever is running at 8001 [36m✨[30m[39m
	[35mfrom ystem at 2020-08-31 09:54:24 PM[39m
Info: [30m[36m✨[30m Sever is running at 8001 [36m✨[30m[39m
	[35mfrom ystem at 2020-08-31 09:54:38 PM[39m
Info: [30m[36m✨[30m Sever is running at 8001 [36m✨[30m[39m
	[35mfrom ystem at 2020-08-31 09:55:15 PM[39m
Info: [30m[36m✨[30m Sever is running at 8001 [36m✨[30m[39m
	[35mfrom ystem at 2020-08-31 10:04:02 PM[39m
Info: [30m[36m✨[30m Sever is running at 8001 [36m✨[30m[39m
	[35mfrom ystem at 2020-08-31 10:04:11 PM[39m
Info: [30m[36m✨[30m Sever is running at 8001 [36m✨[30m[39m
	[35mfrom ystem at 2020-08-31 10:04:30 PM[39m
Info: [30m[36m✨[30m Sever is running at 8001 [36m✨[30m[39m
	[35mfrom ystem at 2020-08-31 10:04:37 PM[39m
Info: [30m[36m✨[30m Sever is running at 8001 [36m✨[30m[39m
	[35mfrom ystem at 2020-08-31 10:05:07 PM[39m
Info: [30m[36m✨[30m Sever is running at 8001 [36m✨[30m[39m
	[35mfrom ystem at 2020-08-31 10:05:16 PM[39m
Info: [30m[36m✨[30m Sever is running at 8001 [36m✨[30m[39m
	[35mfrom ystem at 2020-08-31 10:07:15 PM[39m
Info: [30m[36m✨[30m Sever is running at 8001 [36m✨[30m[39m
	[35mfrom ystem at 2020-08-31 10:07:23 PM[39m
Info: [30m[36m✨[30m Sever is running at 8001 [36m✨[30m[39m
	[35mfrom ystem at 2020-08-31 10:08:55 PM[39m
Info: [30m[36m✨[30m Sever is running at 8001 [36m✨[30m[39m
	[35mfrom ystem at 2020-08-31 10:10:21 PM[39m
Info: [30m[36m✨[30m Sever is running at 8001 [36m✨[30m[39m
	[35mfrom ystem at 2020-08-31 10:10:33 PM[39m
Info: [30m[36m✨[30m Sever is running at 8001 [36m✨[30m[39m
	[35mfrom ystem at 2020-08-31 10:10:42 PM[39m
Info: [30m[36m✨[30m Sever is running at 8001 [36m✨[30m[39m
	[35mfrom ystem at 2020-08-31 10:10:51 PM[39m
Info: [30m[36m✨[30m Sever is running at 8001 [36m✨[30m[39m
	[35mfrom ystem at 2020-08-31 10:11:23 PM[39m
Info: [30m[36m✨[30m Sever is running at 8001 [36m✨[30m[39m
	[35mfrom ystem at 2020-08-31 10:41:14 PM[39m
Info: [30m[36m✨[30m Sever is running at 8001 [36m✨[30m[39m
	[35mfrom ystem at 2020-08-31 10:46:35 PM[39m
Info: [30m[36m✨[30m Sever is running at 8001 [36m✨[30m[39m
	[35mfrom ystem at 2020-08-31 10:47:20 PM[39m
Info: [30m[36m✨[30m Sever is running at 8001 [36m✨[30m[39m
	[35mfrom ystem at 2020-08-31 10:50:27 PM[39m
Info: [30m[36m✨[30m Sever is running at 8001 [36m✨[30m[39m
	[35mfrom ystem at 2020-08-31 10:50:44 PM[39m
Info: [30m[36m✨[30m Sever is running at 8001 [36m✨[30m[39m
	[35mfrom ystem at 2020-09-03 10:13:53 PM[39m
Info: [30m[36m✨[30m Sever is running at 8001 [36m✨[30m[39m
	[35mfrom ystem at 2020-09-03 10:14:07 PM[39m
Info: [30m[36m✨[30m Sever is running at 8001 [36m✨[30m[39m
	[35mfrom ystem at 2020-09-03 10:14:42 PM[39m
Info: [30m[36m✨[30m Sever is running at 8001 [36m✨[30m[39m
	[35mfrom ystem at 2020-09-03 10:14:56 PM[39m
Info: [30m[36m✨[30m Sever is running at 8001 [36m✨[30m[39m
	[35mfrom ystem at 2020-09-03 10:15:37 PM[39m
Info: [30m[36m✨[30m Sever is running at 8001 [36m✨[30m[39m
	[35mfrom ystem at 2020-09-03 10:15:50 PM[39m
Info: [30m[36m✨[30m Sever is running at 8001 [36m✨[30m[39m
	[35mfrom ystem at 2020-09-03 10:16:02 PM[39m
Info: [30m[36m✨[30m Sever is running at 8001 [36m✨[30m[39m
	[35mfrom ystem at 2020-09-03 10:16:19 PM[39m
Info: [30m[36m✨[30m Sever is running at 8001 [36m✨[30m[39m
	[35mfrom ystem at 2020-09-03 10:16:24 PM[39m
Info: [30m[36m✨[30m Sever is running at 8001 [36m✨[30m[39m
	[35mfrom ystem at 2020-09-03 10:16:42 PM[39m
Info: [30m[36m✨[30m Sever is running at 8001 [36m✨[30m[39m
	[35mfrom ystem at 2020-09-03 10:16:46 PM[39m
Info: [30m[36m✨[30m Sever is running at 8001 [36m✨[30m[39m
	[35mfrom ystem at 2020-09-03 10:16:50 PM[39m
Info: [30m[36m✨[30m Sever is running at 8001 [36m✨[30m[39m
	[35mfrom ystem at 2020-09-03 10:16:59 PM[39m
Info: [30m[36m✨[30m Sever is running at 8001 [36m✨[30m[39m
	[35mfrom ystem at 2020-09-03 10:17:08 PM[39m
Info: [30m[36m✨[30m Sever is running at 8001 [36m✨[30m[39m
	[35mfrom ystem at 2020-09-03 10:17:22 PM[39m
Info: [30m[36m✨[30m Sever is running at 8001 [36m✨[30m[39m
	[35mfrom ystem at 2020-09-03 10:17:34 PM[39m
Info: [30m[36m✨[30m Sever is running at 8001 [36m✨[30m[39m
	[35mfrom ystem at 2020-09-03 10:17:51 PM[39m
Info: [30m[36m✨[30m Sever is running at 8001 [36m✨[30m[39m
	[35mfrom ystem at 2020-09-03 10:17:55 PM[39m
Info: [30m[36m✨[30m Sever is running at 8001 [36m✨[30m[39m
	[35mfrom ystem at 2020-09-03 10:18:05 PM[39m
Info: [30m[36m✨[30m Sever is running at 8001 [36m✨[30m[39m
	[35mfrom ystem at 2020-09-03 10:18:28 PM[39m
Info: [30m[36m✨[30m Sever is running at 8001 [36m✨[30m[39m
	[35mfrom ystem at 2020-09-03 10:18:42 PM[39m
Info: [30m[36m✨[30m Sever is running at 8001 [36m✨[30m[39m
	[35mfrom ystem at 2020-09-03 10:19:03 PM[39m
Info: [30m[36m✨[30m Sever is running at 8001 [36m✨[30m[39m
	[35mfrom ystem at 2020-09-03 10:19:11 PM[39m
Info: [30m[36m✨[30m Sever is running at 8001 [36m✨[30m[39m
	[35mfrom ystem at 2020-09-03 10:19:16 PM[39m
Info: [30m[36m✨[30m Sever is running at 8001 [36m✨[30m[39m
	[35mfrom ystem at 2020-09-03 10:19:22 PM[39m
Info: [30m[36m✨[30m Sever is running at 8001 [36m✨[30m[39m
	[35mfrom ystem at 2020-09-03 10:19:25 PM[39m
Info: [30m[36m✨[30m Sever is running at 8001 [36m✨[30m[39m
	[35mfrom ystem at 2020-09-03 10:21:01 PM[39m
Info: [30m[36m✨[30m Sever is running at 8001 [36m✨[30m[39m
	[35mfrom ystem at 2020-09-03 10:22:19 PM[39m
Info: [30m[36m✨[30m Sever is running at 8001 [36m✨[30m[39m
	[35mfrom ystem at 2020-09-03 10:22:55 PM[39m
Info: [30m[36m✨[30m Sever is running at 8001 [36m✨[30m[39m
	[35mfrom ystem at 2020-09-03 10:23:00 PM[39m
Info: [30m[36m✨[30m Sever is running at 8001 [36m✨[30m[39m
	[35mfrom ystem at 2020-09-03 10:23:46 PM[39m
Info: [30m[36m✨[30m Sever is running at 8001 [36m✨[30m[39m
	[35mfrom ystem at 2020-09-03 10:25:41 PM[39m
Info: [30m[36m✨[30m Sever is running at 8001 [36m✨[30m[39m
	[35mfrom ystem at 2020-09-03 10:27:16 PM[39m
Info: [30m[36m✨[30m Sever is running at 8001 [36m✨[30m[39m
	[35mfrom ystem at 2020-09-03 10:27:40 PM[39m
Info: [30m[36m✨[30m Sever is running at 8001 [36m✨[30m[39m
	[35mfrom ystem at 2020-09-03 10:28:02 PM[39m
Info: [30m[36m✨[30m Sever is running at 8001 [36m✨[30m[39m
	[35mfrom ystem at 2020-09-03 10:28:18 PM[39m
Info: [30m[36m✨[30m Sever is running at 8001 [36m✨[30m[39m
	[35mfrom ystem at 2020-09-03 10:33:21 PM[39m
Info: [30m[36m✨[30m Sever is running at 8001 [36m✨[30m[39m
	[35mfrom ystem at 2020-09-03 10:37:21 PM[39m
Info: [30m[36m✨[30m Sever is running at 8001 [36m✨[30m[39m
	[35mfrom ystem at 2020-09-03 10:37:32 PM[39m
Info: [30m[36m✨[30m Sever is running at 8001 [36m✨[30m[39m
	[35mfrom ystem at 2020-09-03 10:38:46 PM[39m
Info: [30m[36m✨[30m Sever is running at 8001 [36m✨[30m[39m
	[35mfrom ystem at 2020-09-03 10:38:54 PM[39m
Info: [30m[36m✨[30m Sever is running at 8001 [36m✨[30m[39m
	[35mfrom ystem at 2020-09-03 10:39:18 PM[39m
Info: [30m[36m✨[30m Sever is running at 8001 [36m✨[30m[39m
	[35mfrom ystem at 2020-09-03 10:39:40 PM[39m
Info: [30m[36m✨[30m Sever is running at 8001 [36m✨[30m[39m
	[35mfrom ystem at 2020-09-03 10:40:04 PM[39m
Info: [30m[36m✨[30m Sever is running at 8001 [36m✨[30m[39m
	[35mfrom ystem at 2020-09-03 10:40:23 PM[39m
Info: [30m[36m✨[30m Sever is running at 8001 [36m✨[30m[39m
	[35mfrom ystem at 2020-09-03 10:46:41 PM[39m
Info: [30m[36m✨[30m Sever is running at 8001 [36m✨[30m[39m
	[35mfrom ystem at 2020-09-03 10:46:58 PM[39m
Info: [30m[36m✨[30m Sever is running at 8001 [36m✨[30m[39m
	[35mfrom ystem at 2020-09-03 10:47:41 PM[39m
Info: [30m[36m✨[30m Sever is running at 8001 [36m✨[30m[39m
	[35mfrom ystem at 2020-09-03 10:50:16 PM[39m
Info: [30m[36m✨[30m Sever is running at 8001 [36m✨[30m[39m
	[35mfrom ystem at 2020-09-03 10:50:30 PM[39m
Info: [30m[36m✨[30m Sever is running at 8001 [36m✨[30m[39m
	[35mfrom ystem at 2020-09-03 10:51:33 PM[39m
Info: [30m[36m✨[30m Sever is running at 8001 [36m✨[30m[39m
	[35mfrom ystem at 2020-09-03 10:51:46 PM[39m
Info: [30m[36m✨[30m Sever is running at 8001 [36m✨[30m[39m
	[35mfrom ystem at 2020-09-03 10:51:52 PM[39m
Info: [30m[36m✨[30m Sever is running at 8001 [36m✨[30m[39m
	[35mfrom ystem at 2020-09-03 10:52:09 PM[39m
Info: [30m[36m✨[30m Sever is running at 8001 [36m✨[30m[39m
	[35mfrom ystem at 2020-09-03 10:52:12 PM[39m
Info: [30m[36m✨[30m Sever is running at 8001 [36m✨[30m[39m
	[35mfrom ystem at 2020-09-03 10:53:20 PM[39m
Info: [30m[36m✨[30m Sever is running at 8001 [36m✨[30m[39m
	[35mfrom ystem at 2020-09-03 10:53:28 PM[39m
Info: [30m[36m✨[30m Sever is running at 8001 [36m✨[30m[39m
	[35mfrom ystem at 2020-09-03 10:54:04 PM[39m
Info: [30m[36m✨[30m Sever is running at 8001 [36m✨[30m[39m
	[35mfrom ystem at 2020-09-03 10:55:36 PM[39m
Info: [30m[36m✨[30m Sever is running at 8001 [36m✨[30m[39m
	[35mfrom ystem at 2020-09-03 10:55:41 PM[39m
Info: [30m[36m✨[30m Sever is running at 8001 [36m✨[30m[39m
	[35mfrom ystem at 2020-09-03 10:56:09 PM[39m
Info: [30m[36m✨[30m Sever is running at 8001 [36m✨[30m[39m
	[35mfrom ystem at 2020-09-03 10:56:37 PM[39m
Info: [30m[36m✨[30m Sever is running at 8001 [36m✨[30m[39m
	[35mfrom ystem at 2020-09-03 10:56:58 PM[39m
Info: [30m[36m✨[30m Sever is running at 8001 [36m✨[30m[39m
	[35mfrom ystem at 2020-09-03 10:57:07 PM[39m
Info: [30m[36m✨[30m Sever is running at 8001 [36m✨[30m[39m
	[35mfrom ystem at 2020-09-03 11:01:22 PM[39m
Info: [30m[36m✨[30m Sever is running at 8001 [36m✨[30m[39m
	[35mfrom ystem at 2020-09-05 12:52:22 PM[39m
Info: [30m[36m✨[30m Sever is running at 8001 [36m✨[30m[39m
	[35mfrom ystem at 2020-09-05 01:15:13 PM[39m
Info: [30m[36m✨[30m Sever is running at 8001 [36m✨[30m[39m
	[35mfrom ystem at 2020-09-05 01:15:29 PM[39m
Info: [30m[36m✨[30m Sever is running at 8001 [36m✨[30m[39m
	[35mfrom ystem at 2020-09-05 01:16:12 PM[39m
Info: [30m[36m✨[30m Sever is running at 8001 [36m✨[30m[39m
	[35mfrom ystem at 2020-09-05 01:16:30 PM[39m
Info: [30m[36m✨[30m Sever is running at 8001 [36m✨[30m[39m
	[35mfrom ystem at 2020-09-05 01:17:02 PM[39m
Info: [30m[36m✨[30m Sever is running at 8001 [36m✨[30m[39m
	[35mfrom ystem at 2020-09-05 01:17:54 PM[39m
Info: [30m[36m✨[30m Sever is running at 8001 [36m✨[30m[39m
	[35mfrom ystem at 2020-09-05 01:18:18 PM[39m
Info: [30m[36m✨[30m Sever is running at 8001 [36m✨[30m[39m
	[35mfrom ystem at 2020-09-05 01:19:12 PM[39m
Error: [30m{"name":"JsonWebTokenError","message":"jwt must be provided"}[39m
	[35mfrom src\utils\jwt.ts at 2020-09-05 01:19:24 PM[39m
Error: [30m{"name":"JsonWebTokenError","message":"jwt must be provided"}[39m
	[35mfrom src\utils\jwt.ts at 2020-09-05 01:21:08 PM[39m
Info: [30m[36m✨[30m Sever is running at 8001 [36m✨[30m[39m
	[35mfrom ystem at 2020-09-05 01:21:36 PM[39m
Error: [30m{"name":"JsonWebTokenError","message":"jwt must be provided"}[39m
	[35mfrom src\utils\jwt.ts at 2020-09-05 01:21:42 PM[39m
Info: [30m[36m✨[30m Sever is running at 8001 [36m✨[30m[39m
	[35mfrom ystem at 2020-09-05 01:22:02 PM[39m
Error: [30m{"name":"JsonWebTokenError","message":"jwt must be provided"}[39m
	[35mfrom src\utils\jwt.ts at 2020-09-05 01:22:04 PM[39m
Error: [30m{"name":"JsonWebTokenError","message":"jwt must be provided"}[39m
	[35mfrom src\utils\jwt.ts at 2020-09-05 01:22:19 PM[39m
Info: [30m[36m✨[30m Sever is running at 8001 [36m✨[30m[39m
	[35mfrom ystem at 2020-09-05 01:22:59 PM[39m
Error: [30m{"name":"JsonWebTokenError","message":"jwt must be provided"}[39m
	[35mfrom src\utils\jwt.ts at 2020-09-05 01:23:12 PM[39m
Info: [30m[36m✨[30m Sever is running at 8001 [36m✨[30m[39m
	[35mfrom ystem at 2020-09-05 01:27:17 PM[39m
Info: [30m[36m✨[30m Sever is running at 8001 [36m✨[30m[39m
	[35mfrom ystem at 2020-09-05 01:28:42 PM[39m
Info: [30m[36m✨[30m Sever is running at 8001 [36m✨[30m[39m
	[35mfrom ystem at 2020-09-05 01:29:00 PM[39m
Error: [30m{"name":"JsonWebTokenError","message":"jwt must be provided"}[39m
	[35mfrom src\utils\jwt.ts at 2020-09-05 01:29:13 PM[39m
Info: [30m[36m✨[30m Sever is running at 8001 [36m✨[30m[39m
	[35mfrom ystem at 2020-09-05 01:29:34 PM[39m
Error: [30m{"name":"JsonWebTokenError","message":"jwt must be provided"}[39m
	[35mfrom src\utils\jwt.ts at 2020-09-05 01:29:44 PM[39m
Info: [30m[36m✨[30m Sever is running at 8001 [36m✨[30m[39m
	[35mfrom ystem at 2020-09-05 01:30:02 PM[39m
Info: [30m[36m✨[30m Sever is running at 8001 [36m✨[30m[39m
	[35mfrom ystem at 2020-09-05 01:30:16 PM[39m
Error: [30m{"name":"JsonWebTokenError","message":"jwt must be provided"}[39m
	[35mfrom src\utils\jwt.ts at 2020-09-05 01:30:34 PM[39m
Info: [30m[36m✨[30m Sever is running at 8001 [36m✨[30m[39m
	[35mfrom ystem at 2020-09-05 01:31:20 PM[39m
Error: [30m{"name":"JsonWebTokenError","message":"jwt must be provided"}[39m
	[35mfrom src\utils\jwt.ts at 2020-09-05 01:31:29 PM[39m
Info: [30m[36m✨[30m Sever is running at 8001 [36m✨[30m[39m
	[35mfrom ystem at 2020-09-05 01:35:08 PM[39m
Info: [30m[36m✨[30m Sever is running at 8001 [36m✨[30m[39m
	[35mfrom ystem at 2020-09-05 01:39:20 PM[39m
Info: [30m[36m✨[30m Sever is running at 8001 [36m✨[30m[39m
	[35mfrom ystem at 2020-09-05 01:39:28 PM[39m
Info: [30m[36m✨[30m Sever is running at 8001 [36m✨[30m[39m
	[35mfrom ystem at 2020-09-05 01:39:31 PM[39m
Info: [30m[36m✨[30m Sever is running at 8001 [36m✨[30m[39m
	[35mfrom ystem at 2020-09-05 01:40:06 PM[39m
Info: [30m[36m✨[30m Sever is running at 8001 [36m✨[30m[39m
	[35mfrom ystem at 2020-09-05 03:13:31 PM[39m
Info: [30m[36m✨[30m Sever is running at 8001 [36m✨[30m[39m
	[35mfrom ystem at 2020-09-05 04:23:26 PM[39m
Info: [30m[36m✨[30m Sever is running at 8001 [36m✨[30m[39m
	[35mfrom ystem at 2020-09-09 11:22:19 PM[39m
Info: [30m[36m✨[30m Sever is running at 8001 [36m✨[30m[39m
	[35mfrom ystem at 2020-09-09 11:23:20 PM[39m
Info: [30m[36m✨[30m Sever is running at 8001 [36m✨[30m[39m
	[35mfrom ystem at 2020-09-09 11:24:08 PM[39m
Info: [30m[36m✨[30m Sever is running at 8001 [36m✨[30m[39m
	[35mfrom ystem at 2020-09-09 11:24:31 PM[39m
Info: [30m[36m✨[30m Sever is running at 8001 [36m✨[30m[39m
	[35mfrom ystem at 2020-09-09 11:24:37 PM[39m
Info: [30m[36m✨[30m Sever is running at 8001 [36m✨[30m[39m
	[35mfrom ystem at 2020-09-09 11:25:08 PM[39m
Info: [30m[36m✨[30m Sever is running at 8001 [36m✨[30m[39m
	[35mfrom ystem at 2020-09-09 11:25:15 PM[39m
Info: [30m[36m✨[30m Sever is running at 8001 [36m✨[30m[39m
	[35mfrom ystem at 2020-09-09 11:25:55 PM[39m
Info: [30m[36m✨[30m Sever is running at 8001 [36m✨[30m[39m
	[35mfrom ystem at 2020-09-09 11:26:10 PM[39m
Info: [30m[36m✨[30m Sever is running at 8001 [36m✨[30m[39m
	[35mfrom ystem at 2020-09-09 11:26:15 PM[39m
Info: [30m[36m✨[30m Sever is running at 8001 [36m✨[30m[39m
	[35mfrom ystem at 2020-09-09 11:26:40 PM[39m
Info: [30m[36m✨[30m Sever is running at 8001 [36m✨[30m[39m
	[35mfrom ystem at 2020-09-09 11:27:17 PM[39m
Info: [30m[36m✨[30m Sever is running at 8001 [36m✨[30m[39m
	[35mfrom ystem at 2020-09-09 11:28:23 PM[39m
Info: [30m[36m✨[30m Sever is running at 8001 [36m✨[30m[39m
	[35mfrom ystem at 2020-09-09 11:28:40 PM[39m
Info: [30m[36m✨[30m Sever is running at 8001 [36m✨[30m[39m
	[35mfrom ystem at 2020-09-09 11:28:49 PM[39m
Info: [30m[36m✨[30m Sever is running at 8001 [36m✨[30m[39m
	[35mfrom ystem at 2020-09-09 11:28:57 PM[39m
Info: [30m[36m✨[30m Sever is running at 8001 [36m✨[30m[39m
	[35mfrom ystem at 2020-09-09 11:29:09 PM[39m
Info: [30m[36m✨[30m Sever is running at 8001 [36m✨[30m[39m
	[35mfrom ystem at 2020-09-09 11:29:12 PM[39m
Info: [30m[36m✨[30m Sever is running at 8001 [36m✨[30m[39m
	[35mfrom ystem at 2020-09-09 11:30:29 PM[39m
Info: [30m[36m✨[30m Sever is running at 8001 [36m✨[30m[39m
	[35mfrom ystem at 2020-09-09 11:32:01 PM[39m
Info: [30m[36m✨[30m Sever is running at 8001 [36m✨[30m[39m
	[35mfrom ystem at 2020-09-09 11:32:25 PM[39m
Info: [30m[36m✨[30m Sever is running at 8001 [36m✨[30m[39m
	[35mfrom ystem at 2020-09-09 11:32:27 PM[39m
Info: [30m[36m✨[30m Sever is running at 8001 [36m✨[30m[39m
	[35mfrom ystem at 2020-09-09 11:32:40 PM[39m
Info: [30m[36m✨[30m Sever is running at 8001 [36m✨[30m[39m
	[35mfrom ystem at 2020-09-09 11:32:51 PM[39m
Info: [30m[36m✨[30m Sever is running at 8001 [36m✨[30m[39m
	[35mfrom ystem at 2020-09-09 11:35:14 PM[39m
Info: [30m[36m✨[30m Sever is running at 8001 [36m✨[30m[39m
	[35mfrom ystem at 2020-09-09 11:35:55 PM[39m
Info: [30m[36m✨[30m Sever is running at 8001 [36m✨[30m[39m
	[35mfrom ystem at 2020-09-09 11:36:45 PM[39m
Info: [30m[36m✨[30m Sever is running at 8001 [36m✨[30m[39m
	[35mfrom ystem at 2020-09-09 11:36:49 PM[39m
Info: [30m[36m✨[30m Sever is running at 8001 [36m✨[30m[39m
	[35mfrom ystem at 2020-09-09 11:37:16 PM[39m
Info: [30m[36m✨[30m Sever is running at 8001 [36m✨[30m[39m
	[35mfrom ystem at 2020-09-09 11:37:21 PM[39m
Info: [30m[36m✨[30m Sever is running at 8001 [36m✨[30m[39m
	[35mfrom ystem at 2020-09-09 11:37:26 PM[39m
Info: [30m[36m✨[30m Sever is running at 8001 [36m✨[30m[39m
	[35mfrom ystem at 2020-09-09 11:37:59 PM[39m
Info: [30m[36m✨[30m Sever is running at 8001 [36m✨[30m[39m
	[35mfrom ystem at 2020-09-09 11:38:06 PM[39m
Info: [30m[36m✨[30m Sever is running at 8001 [36m✨[30m[39m
	[35mfrom ystem at 2020-09-09 11:38:47 PM[39m
Info: [30m[36m✨[30m Sever is running at 8001 [36m✨[30m[39m
	[35mfrom ystem at 2020-09-09 11:39:01 PM[39m
Info: [30m[36m✨[30m Sever is running at 8001 [36m✨[30m[39m
	[35mfrom ystem at 2020-09-09 11:40:52 PM[39m
Info: [30m[36m✨[30m Sever is running at 8001 [36m✨[30m[39m
	[35mfrom ystem at 2020-09-09 11:41:02 PM[39m
Info: [30m[36m✨[30m Sever is running at 8001 [36m✨[30m[39m
	[35mfrom ystem at 2020-09-09 11:42:14 PM[39m
Info: [30m[36m✨[30m Sever is running at 8001 [36m✨[30m[39m
	[35mfrom ystem at 2020-09-09 11:42:38 PM[39m
Info: [30m[36m✨[30m Sever is running at 8001 [36m✨[30m[39m
	[35mfrom ystem at 2020-09-09 11:42:46 PM[39m
Info: [30m[36m✨[30m Sever is running at 8001 [36m✨[30m[39m
	[35mfrom ystem at 2020-09-09 11:42:56 PM[39m
Info: [30m[36m✨[30m Sever is running at 8001 [36m✨[30m[39m
	[35mfrom ystem at 2020-09-09 11:42:59 PM[39m
Info: [30m[36m✨[30m Sever is running at 8001 [36m✨[30m[39m
	[35mfrom ystem at 2020-09-09 11:43:02 PM[39m
Info: [30m[36m✨[30m Sever is running at 8001 [36m✨[30m[39m
	[35mfrom ystem at 2020-09-09 11:43:41 PM[39m
Info: [30m[36m✨[30m Sever is running at 8001 [36m✨[30m[39m
	[35mfrom ystem at 2020-09-09 11:43:47 PM[39m
Info: [30m[36m✨[30m Sever is running at 8001 [36m✨[30m[39m
	[35mfrom ystem at 2020-09-09 11:44:11 PM[39m
Info: [30m[36m✨[30m Sever is running at 8001 [36m✨[30m[39m
	[35mfrom ystem at 2020-09-09 11:44:17 PM[39m
Info: [30m[36m✨[30m Sever is running at 8001 [36m✨[30m[39m
	[35mfrom ystem at 2020-09-09 11:44:24 PM[39m
